# JRE version: OpenJDK Runtime Environment (8.0_112-b06) (build 1.8.0_112-release-b06)
# Java VM: OpenJDK 64-Bit Server VM (25.112-b06 mixed mode windows-amd64 compressed oops)
Heap:
 PSYoungGen      total 386560K, used 220119K [0x00000000e0000000, 0x00000000ff480000, 0x0000000100000000)
  eden space 259072K, 83% used [0x00000000e0000000,0x00000000ed3bddf0,0x00000000efd00000)
  from space 127488K, 2% used [0x00000000efd00000,0x00000000f0038020,0x00000000f7980000)
  to   space 123392K, 0% used [0x00000000f7c00000,0x00000000f7c00000,0x00000000ff480000)
 ParOldGen       total 283136K, used 192143K [0x00000000a0000000, 0x00000000b1480000, 0x00000000e0000000)
  object space 283136K, 67% used [0x00000000a0000000,0x00000000abba3c30,0x00000000b1480000)
 Metaspace       used 105992K, capacity 114100K, committed 114304K, reserved 1148928K
  class space    used 13626K, capacity 14897K, committed 14976K, reserved 1048576K
GC Heap History (10 events):
Event: 4653.789 GC heap before
{Heap before GC invocations=39 (full 4):
 PSYoungGen      total 386560K, used 255509K [0x00000000e0000000, 0x0000000100000000, 0x0000000100000000)
  eden space 250880K, 100% used [0x00000000e0000000,0x00000000ef500000,0x00000000ef500000)
  from space 135680K, 3% used [0x00000000f7b80000,0x00000000f8005560,0x0000000100000000)
  to   space 136704K, 0% used [0x00000000ef500000,0x00000000ef500000,0x00000000f7a80000)
 ParOldGen       total 283136K, used 189491K [0x00000000a0000000, 0x00000000b1480000, 0x00000000e0000000)
  object space 283136K, 66% used [0x00000000a0000000,0x00000000ab90cc00,0x00000000b1480000)
 Metaspace       used 103661K, capacity 109498K, committed 109568K, reserved 1144832K
  class space    used 13272K, capacity 14330K, committed 14336K, reserved 1048576K
Event: 4653.883 GC heap after
Heap after GC invocations=39 (full 4):
 PSYoungGen      total 258560K, used 7232K [0x00000000e0000000, 0x00000000ffe00000, 0x0000000100000000)
  eden space 250880K, 0% used [0x00000000e0000000,0x00000000e0000000,0x00000000ef500000)
  from space 7680K, 94% used [0x00000000ef500000,0x00000000efc10020,0x00000000efc80000)
  to   space 135168K, 0% used [0x00000000f7a00000,0x00000000f7a00000,0x00000000ffe00000)
 ParOldGen       total 283136K, used 190211K [0x00000000a0000000, 0x00000000b1480000, 0x00000000e0000000)
  object space 283136K, 67% used [0x00000000a0000000,0x00000000ab9c0c00,0x00000000b1480000)
 Metaspace       used 103661K, capacity 109498K, committed 109568K, reserved 1144832K
  class space    used 13272K, capacity 14330K, committed 14336K, reserved 1048576K
}
Event: 8312.976 GC heap before
{Heap before GC invocations=40 (full 4):
 PSYoungGen      total 258560K, used 258112K [0x00000000e0000000, 0x00000000ffe00000, 0x0000000100000000)
  eden space 250880K, 100% used [0x00000000e0000000,0x00000000ef500000,0x00000000ef500000)
  from space 7680K, 94% used [0x00000000ef500000,0x00000000efc10020,0x00000000efc80000)
  to   space 135168K, 0% used [0x00000000f7a00000,0x00000000f7a00000,0x00000000ffe00000)
 ParOldGen       total 283136K, used 190211K [0x00000000a0000000, 0x00000000b1480000, 0x00000000e0000000)
  object space 283136K, 67% used [0x00000000a0000000,0x00000000ab9c0c00,0x00000000b1480000)
 Metaspace       used 104365K, capacity 110764K, committed 111104K, reserved 1146880K
  class space    used 13362K, capacity 14483K, committed 14592K, reserved 1048576K
Event: 8313.217 GC heap after
Heap after GC invocations=40 (full 4):
 PSYoungGen      total 388608K, used 3728K [0x00000000e0000000, 0x0000000100000000, 0x0000000100000000)
  eden space 253440K, 0% used [0x00000000e0000000,0x00000000e0000000,0x00000000ef780000)
  from space 135168K, 2% used [0x00000000f7a00000,0x00000000f7da4030,0x00000000ffe00000)
  to   space 133632K, 0% used [0x00000000ef780000,0x00000000ef780000,0x00000000f7a00000)
 ParOldGen       total 283136K, used 190671K [0x00000000a0000000, 0x00000000b1480000, 0x00000000e0000000)
  object space 283136K, 67% used [0x00000000a0000000,0x00000000aba33c10,0x00000000b1480000)
 Metaspace       used 104365K, capacity 110764K, committed 111104K, reserved 1146880K
  class space    used 13362K, capacity 14483K, committed 14592K, reserved 1048576K
}
Event: 10292.086 GC heap before
{Heap before GC invocations=41 (full 4):
 PSYoungGen      total 388608K, used 257168K [0x00000000e0000000, 0x0000000100000000, 0x0000000100000000)
  eden space 253440K, 100% used [0x00000000e0000000,0x00000000ef780000,0x00000000ef780000)
  from space 135168K, 2% used [0x00000000f7a00000,0x00000000f7da4030,0x00000000ffe00000)
  to   space 133632K, 0% used [0x00000000ef780000,0x00000000ef780000,0x00000000f7a00000)
 ParOldGen       total 283136K, used 190671K [0x00000000a0000000, 0x00000000b1480000, 0x00000000e0000000)
  object space 283136K, 67% used [0x00000000a0000000,0x00000000aba33c10,0x00000000b1480000)
 Metaspace       used 104648K, capacity 111314K, committed 111360K, reserved 1146880K
  class space    used 13405K, capacity 14548K, committed 14592K, reserved 1048576K
Event: 10292.165 GC heap after
Heap after GC invocations=41 (full 4):
 PSYoungGen      total 258560K, used 4832K [0x00000000e0000000, 0x00000000ff980000, 0x0000000100000000)
  eden space 253440K, 0% used [0x00000000e0000000,0x00000000e0000000,0x00000000ef780000)
  from space 5120K, 94% used [0x00000000ef780000,0x00000000efc38358,0x00000000efc80000)
  to   space 131072K, 0% used [0x00000000f7980000,0x00000000f7980000,0x00000000ff980000)
 ParOldGen       total 283136K, used 191151K [0x00000000a0000000, 0x00000000b1480000, 0x00000000e0000000)
  object space 283136K, 67% used [0x00000000a0000000,0x00000000abaabc10,0x00000000b1480000)
 Metaspace       used 104648K, capacity 111314K, committed 111360K, reserved 1146880K
  class space    used 13405K, capacity 14548K, committed 14592K, reserved 1048576K
}
Event: 10856.152 GC heap before
{Heap before GC invocations=42 (full 4):
 PSYoungGen      total 258560K, used 258272K [0x00000000e0000000, 0x00000000ff980000, 0x0000000100000000)
  eden space 253440K, 100% used [0x00000000e0000000,0x00000000ef780000,0x00000000ef780000)
  from space 5120K, 94% used [0x00000000ef780000,0x00000000efc38358,0x00000000efc80000)
  to   space 131072K, 0% used [0x00000000f7980000,0x00000000f7980000,0x00000000ff980000)
 ParOldGen       total 283136K, used 191151K [0x00000000a0000000, 0x00000000b1480000, 0x00000000e0000000)
  object space 283136K, 67% used [0x00000000a0000000,0x00000000abaabc10,0x00000000b1480000)
 Metaspace       used 105159K, capacity 112352K, committed 112512K, reserved 1146880K
  class space    used 13486K, capacity 14679K, committed 14720K, reserved 1048576K
Event: 10856.191 GC heap after
Heap after GC invocations=42 (full 4):
 PSYoungGen      total 390144K, used 3088K [0x00000000e0000000, 0x0000000100000000, 0x0000000100000000)
  eden space 259072K, 0% used [0x00000000e0000000,0x00000000e0000000,0x00000000efd00000)
  from space 131072K, 2% used [0x00000000f7980000,0x00000000f7c84030,0x00000000ff980000)
  to   space 127488K, 0% used [0x00000000efd00000,0x00000000efd00000,0x00000000f7980000)
 ParOldGen       total 283136K, used 191539K [0x00000000a0000000, 0x00000000b1480000, 0x00000000e0000000)
  object space 283136K, 67% used [0x00000000a0000000,0x00000000abb0cc20,0x00000000b1480000)
 Metaspace       used 105159K, capacity 112352K, committed 112512K, reserved 1146880K
  class space    used 13486K, capacity 14679K, committed 14720K, reserved 1048576K
}
Event: 11252.938 GC heap before
{Heap before GC invocations=43 (full 4):
 PSYoungGen      total 390144K, used 262160K [0x00000000e0000000, 0x0000000100000000, 0x0000000100000000)
  eden space 259072K, 100% used [0x00000000e0000000,0x00000000efd00000,0x00000000efd00000)
  from space 131072K, 2% used [0x00000000f7980000,0x00000000f7c84030,0x00000000ff980000)
  to   space 127488K, 0% used [0x00000000efd00000,0x00000000efd00000,0x00000000f7980000)
 ParOldGen       total 283136K, used 191539K [0x00000000a0000000, 0x00000000b1480000, 0x00000000e0000000)
  object space 283136K, 67% used [0x00000000a0000000,0x00000000abb0cc20,0x00000000b1480000)
 Metaspace       used 105800K, capacity 113832K, committed 114048K, reserved 1148928K
  class space    used 13601K, capacity 14873K, committed 14976K, reserved 1048576K
Event: 11253.000 GC heap after
Heap after GC invocations=43 (full 4):
 PSYoungGen      total 386560K, used 3296K [0x00000000e0000000, 0x00000000ff480000, 0x0000000100000000)
  eden space 259072K, 0% used [0x00000000e0000000,0x00000000e0000000,0x00000000efd00000)
  from space 127488K, 2% used [0x00000000efd00000,0x00000000f0038020,0x00000000f7980000)
  to   space 123392K, 0% used [0x00000000f7c00000,0x00000000f7c00000,0x00000000ff480000)
 ParOldGen       total 283136K, used 192143K [0x00000000a0000000, 0x00000000b1480000, 0x00000000e0000000)
  object space 283136K, 67% used [0x00000000a0000000,0x00000000abba3c30,0x00000000b1480000)
 Metaspace       used 105800K, capacity 113832K, committed 114048K, reserved 1148928K
  class space    used 13601K, capacity 14873K, committed 14976K, reserved 1048576K
}

